[    0.000000] Initializing cgroup subsys cpuset
[    0.000000] Initializing cgroup subsys cpu
[    0.000000] Initializing cgroup subsys cpuacct
[    0.000000] Linux version 4.4.0-103-generic (buildd@lcy01-amd64-001) (gcc version 5.4.0 20160609 (Ubuntu 5.4.0-6ubuntu1~16.04.5) ) #126-Ubuntu SMP Mon Dec 4 16:23:28 UTC 2017 (Ubuntu 4.4.0-103.126-generic 4.4.98)
[    0.000000] Command line: BOOT_IMAGE=/boot/vmlinuz-4.4.0-103-generic root=LABEL=cloudimg-rootfs ro console=tty1 console=ttyS0
[    0.000000] KERNEL supported cpus:
[    0.000000]   Intel GenuineIntel
[    0.000000]   AMD AuthenticAMD
[    0.000000]   Centaur CentaurHauls
[    0.000000] x86/fpu: xstate_offset[2]:  576, xstate_sizes[2]:  256
[    0.000000] x86/fpu: Supporting XSAVE feature 0x01: 'x87 floating point registers'
[    0.000000] x86/fpu: Supporting XSAVE feature 0x02: 'SSE registers'
[    0.000000] x86/fpu: Supporting XSAVE feature 0x04: 'AVX registers'
[    0.000000] x86/fpu: Enabled xstate features 0x7, context size is 832 bytes, using 'standard' format.
[    0.000000] x86/fpu: Using 'lazy' FPU context switches.
[    0.000000] e820: BIOS-provided physical RAM map:
[    0.000000] BIOS-e820: [mem 0x0000000000000000-0x000000000009fbff] usable
[    0.000000] BIOS-e820: [mem 0x000000000009fc00-0x000000000009ffff] reserved
[    0.000000] BIOS-e820: [mem 0x00000000000f0000-0x00000000000fffff] reserved
[    0.000000] BIOS-e820: [mem 0x0000000000100000-0x000000003ffeffff] usable
[    0.000000] BIOS-e820: [mem 0x000000003fff0000-0x000000003fffffff] ACPI data
[    0.000000] BIOS-e820: [mem 0x00000000fffc0000-0x00000000ffffffff] reserved
[    0.000000] NX (Execute Disable) protection: active
[    0.000000] SMBIOS 2.5 present.
[    0.000000] Hypervisor detected: KVM
[    0.000000] e820: last_pfn = 0x3fff0 max_arch_pfn = 0x400000000
[    0.000000] MTRR: Disabled
[    0.000000] x86/PAT: MTRRs disabled, skipping PAT initialization too.
[    0.000000] CPU MTRRs all blank - virtualized system.
[    0.000000] x86/PAT: Configuration [0-7]: WB  WT  UC- UC  WB  WT  UC- UC  
[    0.000000] found SMP MP-table at [mem 0x0009fff0-0x0009ffff] mapped at [ffff88000009fff0]
[    0.000000] Scanning 1 areas for low memory corruption
[    0.000000] RAMDISK: [mem 0x36adc000-0x37565fff]
[    0.000000] ACPI: Early table checksum verification disabled
[    0.000000] ACPI: RSDP 0x00000000000E0000 000024 (v02 VBOX  )
[    0.000000] ACPI: XSDT 0x000000003FFF0030 00003C (v01 VBOX   VBOXXSDT 00000001 ASL  00000061)
[    0.000000] ACPI: FACP 0x000000003FFF00F0 0000F4 (v04 VBOX   VBOXFACP 00000001 ASL  00000061)
[    0.000000] ACPI: DSDT 0x000000003FFF0470 002118 (v01 VBOX   VBOXBIOS 00000002 INTL 20160108)
[    0.000000] ACPI: FACS 0x000000003FFF0200 000040
[    0.000000] ACPI: FACS 0x000000003FFF0200 000040
[    0.000000] ACPI: APIC 0x000000003FFF0240 00005C (v02 VBOX   VBOXAPIC 00000001 ASL  00000061)
[    0.000000] ACPI: SSDT 0x000000003FFF02A0 0001CC (v01 VBOX   VBOXCPUT 00000002 INTL 20160108)
[    0.000000] No NUMA configuration found
[    0.000000] Faking a node at [mem 0x0000000000000000-0x000000003ffeffff]
[    0.000000] NODE_DATA(0) allocated [mem 0x3ffeb000-0x3ffeffff]
[    0.000000] kvm-clock: Using msrs 4b564d01 and 4b564d00
[    0.000000] kvm-clock: cpu 0, msr 0:3ffe3001, primary cpu clock
[    0.000000] kvm-clock: using sched offset of 3830573998 cycles
[    0.000000] clocksource: kvm-clock: mask: 0xffffffffffffffff max_cycles: 0x1cd42e4dffb, max_idle_ns: 881590591483 ns
[    0.000000] Zone ranges:
[    0.000000]   DMA      [mem 0x0000000000001000-0x0000000000ffffff]
[    0.000000]   DMA32    [mem 0x0000000001000000-0x000000003ffeffff]
[    0.000000]   Normal   empty
[    0.000000]   Device   empty
[    0.000000] Movable zone start for each node
[    0.000000] Early memory node ranges
[    0.000000]   node   0: [mem 0x0000000000001000-0x000000000009efff]
[    0.000000]   node   0: [mem 0x0000000000100000-0x000000003ffeffff]
[    0.000000] Initmem setup node 0 [mem 0x0000000000001000-0x000000003ffeffff]
[    0.000000] ACPI: PM-Timer IO Port: 0x4008
[    0.000000] IOAPIC[0]: apic_id 2, version 17, address 0xfec00000, GSI 0-23
[    0.000000] ACPI: INT_SRC_OVR (bus 0 bus_irq 0 global_irq 2 dfl dfl)
[    0.000000] ACPI: INT_SRC_OVR (bus 0 bus_irq 9 global_irq 9 high level)
[    0.000000] Using ACPI (MADT) for SMP configuration information
[    0.000000] smpboot: Allowing 2 CPUs, 0 hotplug CPUs
[    0.000000] PM: Registered nosave memory: [mem 0x00000000-0x00000fff]
[    0.000000] PM: Registered nosave memory: [mem 0x0009f000-0x0009ffff]
[    0.000000] PM: Registered nosave memory: [mem 0x000a0000-0x000effff]
[    0.000000] PM: Registered nosave memory: [mem 0x000f0000-0x000fffff]
[    0.000000] e820: [mem 0x40000000-0xfffbffff] available for PCI devices
[    0.000000] Booting paravirtualized kernel on KVM
[    0.000000] clocksource: refined-jiffies: mask: 0xffffffff max_cycles: 0xffffffff, max_idle_ns: 7645519600211568 ns
[    0.000000] setup_percpu: NR_CPUS:512 nr_cpumask_bits:512 nr_cpu_ids:2 nr_node_ids:1
[    0.000000] PERCPU: Embedded 33 pages/cpu @ffff88003fc00000 s98200 r8192 d28776 u1048576
[    0.000000] PV qspinlock hash table entries: 256 (order: 0, 4096 bytes)
[    0.000000] Built 1 zonelists in Node order, mobility grouping on.  Total pages: 257913
[    0.000000] Policy zone: DMA32
[    0.000000] Kernel command line: BOOT_IMAGE=/boot/vmlinuz-4.4.0-103-generic root=LABEL=cloudimg-rootfs ro console=tty1 console=ttyS0
[    0.000000] PID hash table entries: 4096 (order: 3, 32768 bytes)
[    0.000000] Memory: 1001780K/1048120K available (8485K kernel code, 1295K rwdata, 3988K rodata, 1492K init, 1316K bss, 46340K reserved, 0K cma-reserved)
[    0.000000] SLUB: HWalign=64, Order=0-3, MinObjects=0, CPUs=2, Nodes=1
[    0.000000] Hierarchical RCU implementation.
[    0.000000] 	Build-time adjustment of leaf fanout to 64.
[    0.000000] 	RCU restricting CPUs from NR_CPUS=512 to nr_cpu_ids=2.
[    0.000000] RCU: Adjusting geometry for rcu_fanout_leaf=64, nr_cpu_ids=2
[    0.000000] NR_IRQS:33024 nr_irqs:440 16
[    0.000000] Console: colour VGA+ 80x25
[    0.000000] console [tty1] enabled
[    0.000000] console [ttyS0] enabled
[    0.000000] tsc: Detected 1396.825 MHz processor
[    0.588814] Calibrating delay loop (skipped) preset value.. 2793.65 BogoMIPS (lpj=5587300)
[    0.607660] pid_max: default: 32768 minimum: 301
[    0.614026] ACPI: Core revision 20150930
[    0.618297] ACPI: 2 ACPI AML tables successfully acquired and loaded
[    0.624954] Security Framework initialized
[    0.627184] Yama: becoming mindful.
[    0.633496] AppArmor: AppArmor initialized
[    0.635858] Dentry cache hash table entries: 131072 (order: 8, 1048576 bytes)
[    0.639573] Inode-cache hash table entries: 65536 (order: 7, 524288 bytes)
[    0.659236] Mount-cache hash table entries: 2048 (order: 2, 16384 bytes)
[    0.667830] Mountpoint-cache hash table entries: 2048 (order: 2, 16384 bytes)
[    0.671426] Initializing cgroup subsys io
[    0.677067] Initializing cgroup subsys memory
[    0.679402] Initializing cgroup subsys devices
[    0.685094] Initializing cgroup subsys freezer
[    0.687433] Initializing cgroup subsys net_cls
[    0.692283] Initializing cgroup subsys perf_event
[    0.697395] Initializing cgroup subsys net_prio
[    0.699732] Initializing cgroup subsys hugetlb
[    0.701939] Initializing cgroup subsys pids
[    0.704341] CPU: Physical Processor ID: 0
[    0.706418] CPU: Processor Core ID: 0
[    0.708433] mce: CPU supports 0 MCE banks
[    0.710594] Last level iTLB entries: 4KB 512, 2MB 8, 4MB 8
[    0.716648] Last level dTLB entries: 4KB 512, 2MB 32, 4MB 32, 1GB 0
[    0.723870] Freeing SMP alternatives memory: 32K
[    0.750686] ftrace: allocating 32158 entries in 126 pages
[    0.872389] smpboot: APIC(0) Converting physical 0 to logical package 0
[    1.013749] smpboot: Max logical packages: 1
[    1.018650] ..TIMER: vector=0x30 apic1=0 pin1=2 apic2=-1 pin2=-1
[    1.142294] smpboot: CPU0: Intel(R) Core(TM) i3-2365M CPU @ 1.40GHz (family: 0x6, model: 0x2a, stepping: 0x7)
[    1.173724] Performance Events: unsupported p6 CPU model 42 no PMU driver, software events only.
[    1.179531] KVM setup paravirtual spinlock
[    1.183082] x86: Booting SMP configuration:
[    1.188067] .... node  #0, CPUs:      #1
[    1.190335] kvm-clock: cpu 1, msr 0:3ffe3041, secondary cpu clock
[    1.203477] mce: CPU supports 0 MCE banks
[    1.212187] x86: Booted up 1 node, 2 CPUs
[    1.215697] smpboot: Total of 2 processors activated (5587.30 BogoMIPS)
[    1.223474] devtmpfs: initialized
[    1.231811] evm: security.selinux
[    1.237198] evm: security.SMACK64
[    1.239099] evm: security.SMACK64EXEC
[    1.242161] evm: security.SMACK64TRANSMUTE
[    1.244403] evm: security.SMACK64MMAP
[    1.246351] evm: security.ima
[    1.263252] evm: security.capability
[    1.268413] clocksource: jiffies: mask: 0xffffffff max_cycles: 0xffffffff, max_idle_ns: 7645041785100000 ns
[    1.274789] futex hash table entries: 512 (order: 3, 32768 bytes)
[    1.284877] pinctrl core: initialized pinctrl subsystem
[    1.297699] RTC time:  6:30:08, date: 12/14/17
[    1.302473] NET: Registered protocol family 16
[    1.318556] cpuidle: using governor ladder
[    1.334114] cpuidle: using governor menu
[    1.338553] PCCT header not found.
[    1.341657] ACPI: bus type PCI registered
[    1.346098] acpiphp: ACPI Hot Plug PCI Controller Driver version: 0.5
[    1.355952] PCI: Using configuration type 1 for base access
[    1.380489] ACPI: Added _OSI(Module Device)
[    1.393456] ACPI: Added _OSI(Processor Device)
[    1.443019] ACPI: Added _OSI(3.0 _SCP Extensions)
[    1.449842] ACPI: Added _OSI(Processor Aggregator Device)
[    1.577356] ACPI: Executed 1 blocks of module-level executable AML code
[    1.621832] ACPI: Interpreter enabled
[    1.643384] ACPI: (supports S0 S5)
[    1.659404] ACPI: Using IOAPIC for interrupt routing
[    1.662209] PCI: Using host bridge windows from ACPI; if necessary, use "pci=nocrs" and report a bug
[    1.678953] ACPI: PCI Root Bridge [PCI0] (domain 0000 [bus 00-ff])
[    1.689844] acpi PNP0A03:00: _OSC: OS supports [ASPM ClockPM Segments MSI]
[    1.695799] acpi PNP0A03:00: _OSC failed (AE_NOT_FOUND); disabling ASPM
[    1.702537] acpi PNP0A03:00: fail to add MMCONFIG information, can't access extended PCI configuration space under this bridge.
[    1.708390] PCI host bridge to bus 0000:00
[    1.720765] pci_bus 0000:00: root bus resource [io  0x0000-0x0cf7 window]
[    1.724030] pci_bus 0000:00: root bus resource [io  0x0d00-0xffff window]
[    1.727246] pci_bus 0000:00: root bus resource [mem 0x000a0000-0x000bffff window]
[    1.744781] pci_bus 0000:00: root bus resource [mem 0x40000000-0xffdfffff window]
[    1.757531] pci_bus 0000:00: root bus resource [bus 00-ff]
[    1.776756] pci 0000:00:01.1: legacy IDE quirk: reg 0x10: [io  0x01f0-0x01f7]
[    1.782227] pci 0000:00:01.1: legacy IDE quirk: reg 0x14: [io  0x03f6]
[    1.790568] pci 0000:00:01.1: legacy IDE quirk: reg 0x18: [io  0x0170-0x0177]
[    1.793803] pci 0000:00:01.1: legacy IDE quirk: reg 0x1c: [io  0x0376]
[    1.873576] ACPI: PCI Interrupt Link [LNKA] (IRQs 5 9 10 11) *0, disabled.
[    1.887186] ACPI: PCI Interrupt Link [LNKB] (IRQs 5 9 10 *11)
[    1.892987] ACPI: PCI Interrupt Link [LNKC] (IRQs 5 9 *10 11)
[    1.896716] ACPI: PCI Interrupt Link [LNKD] (IRQs 5 *9 10 11)
[    1.901521] ACPI: Enabled 2 GPEs in block 00 to 07
[    1.918007] vgaarb: setting as boot device: PCI:0000:00:02.0
[    1.921812] vgaarb: device added: PCI:0000:00:02.0,decodes=io+mem,owns=io+mem,locks=none
[    1.926013] vgaarb: loaded
[    1.951048] vgaarb: bridge control possible 0000:00:02.0
[    1.958615] SCSI subsystem initialized
[    1.964170] ACPI: bus type USB registered
[    1.969048] usbcore: registered new interface driver usbfs
[    1.985670] usbcore: registered new interface driver hub
[    2.001364] usbcore: registered new device driver usb
[    2.005576] PCI: Using ACPI for IRQ routing
[    2.009413] NetLabel: Initializing
[    2.023218] NetLabel:  domain hash size = 128
[    2.026455] NetLabel:  protocols = UNLABELED CIPSOv4
[    2.029975] NetLabel:  unlabeled traffic allowed by default
[    2.079950] amd_nb: Cannot enumerate AMD northbridges
[    2.186086] clocksource: Switched to clocksource kvm-clock
[    2.247706] AppArmor: AppArmor Filesystem Enabled
[   .255505] pnp: PnP ACPI init
[   2.336754] pnp: PnP ACPI: found 3 devices

[  240605] clocksource: acpi_pm: mask: 0xffffff max_cycles: 0xffffff, max_idle_ns: 2085701024 ns
[    2.563480] NET: Registered protocol family 2
[    2.784162] TCP established hash table entries: 8192 (order: 4, 65536 bytes)
[   9465] P ndhah bl etres: 8192 (order: 5, 131072 bytes)
[    3.597367] TCP: Hash tables configured (establishe 892bid 8192)
[    3.753938] UDP hash table ntie: 512 (order: 2, 16384 bytes)
[    3.2199] UDP-Lite hash table entries: 512 (order: 2, 1638 bytes)
[   .990530] NET: Registered protocol family 1
[    4.069808] pci 0000:00:00.0: Limtig direct PCI/PCI transfers
[   .241] ci0000:00:01.0: Activating ISA DMA hang workarounds

[    4.534383] Unpacking initramfs...
[    8.407666] Freeing initrd memory: 10792K
[    8.420432] RAPL PMU detected, API unit is 2^-32 Joules, 3 fixed counters 10737418240 ms ovfl timer
[    8.436965] hw unit of domain pp0-core 2^-0 Joules
[    8.439448] hw unit of domain package 2^-0 Joules
[    8.441847] hw unit of domain pp1-gpu 2^-0 Joules
[    8.800117] platform rtc_cmos: registered platform RTC device (no PNP device found)
[    9.316722] Scanning for low memory corruption every 60 seconds
[    9.424907] audit: initializing netlink subsys (disabled)
[    9.428281] audit: type=2000 audit(1513233020.511:1): initialized
[    9.438462] Initialise system trusted keyring
[    9.443914] HugeTLB registered 2 MB page size, pre-allocated 0 pages
[    9.813863] tsc: Refined TSC clocksource calibration: 1396.160 MHz
[    9.824501] zbud: loaded
[    9.859366] VFS: Disk quotas dquot_6.6.0
[    9.859461] VFS: Dquot-cache hash table entries: 512 (order 0, 4096 bytes)
[    9.860036] squashfs: version 4.0 (2009/01/31) Phillip Lougher
[    9.867038] fuse init (API version 7.23)
[    9.867306] Key type big_key registered
[    9.867350] Allocating IMA MOK and blacklist keyrings.
[    9.867907] Key type asymmetric registered
[    9.867922] Asymmetric key parser 'x509' registered
[    9.867998] Block layer SCSI generic (bsg) driver version 0.4 loaded (major 249)
[    9.868087] io scheduler noop registered
[    9.868093] io scheduler deadline registered (default)
[    9.868153] io scheduler cfq registered
[    9.868336] pci_hotplug: PCI Hot Plug PCI Core version: 0.5
[    9.868346] pciehp: PCI Express Hot Plug Controller Driver version: 0.4
[    9.868587] ACPI: AC Adapter [AC] (on-line)
[    9.868690] input: Power Button as /devices/LNXSYSTM:00/LNXPWRBN:00/input/input0
[    9.868695] ACPI: Power Button [PWRF]
[    9.868822] input: Sleep Button as /devices/LNXSYSTM:00/LNXSLPBN:00/input/input1
[    9.868825] ACPI: Sleep Button [SLPF]
[    9.869104] GHES: HEST is not enabled!
[    9.869272] Serial: 8250/16550 driver, 32 ports, IRQ sharing enabled
[    9.906712] 00:02: ttyS0 at I/O 0x3f8 (irq = 4, base_baud = 115200) is a 16550A
[    9.936439] Linux agpgart interface v0.103
[    9.941269] loop: module loaded
[    9.942651] scsi host0: ata_piix
[    9.942893] scsi host1: ata_piix
[    9.942981] ata1: PATA max UDMA/33 cmd 0x1f0 ctl 0x3f6 bmdma 0xd000 irq 14
[    9.942984] ata2: PATA max UDMA/33 cmd 0x170 ctl 0x376 bmdma 0xd008 irq 15
[    9.943164] libphy: Fixed MDIO Bus: probed
[    9.943170] tun: Universal TUN/TAP device driver, 1.6
[    9.943171] tun: (C) 1999-2004 Max Krasnyansky <maxk@qualcomm.com>
[    9.943261] PPP generic driver version 2.4.2
[    9.943372] ehci_hcd: USB 2.0 'Enhanced' Host Controller (EHCI) Driver
[    9.943381] ehci-pci: EHCI PCI platform driver
[    9.943416] ehci-platform: EHCI generic platform driver
[    9.943438] ohci_hcd: USB 1.1 'Open' Host Controller (OHCI) Driver
[    9.943446] ohci-pci: OHCI PCI platform driver
[    9.943465] ohci-platform: OHCI generic platform driver
[    9.943481] uhci_hcd: USB Universal Host Controller Interface driver
[    9.943596] i8042: PNP: PS/2 Controller [PNP0303:PS2K,PNP0f03:PS2M] at 0x60,0x64 irq 1,12
[    9.944416] serio: i8042 KBD port at 0x60,0x64 irq 1
[    9.944425] serio: i8042 AUX port at 0x60,0x64 irq 12
[    9.944632] mousedev: PS/2 mouse device common for all mice
[    9.945360] input: AT Translated Set 2 keyboard as /devices/platform/i8042/serio0/input/input2
[    9.946395] rtc_cmos rtc_cmos: rtc core: registered rtc_cmos as rtc0
[    9.946580] rtc_cmos rtc_cmos: alarms up to one day, 114 bytes nvram
[    9.946593] i2c /dev entries driver
[    9.946698] device-mapper: uevent: version 1.0.3
[    9.946813] device-mapper: ioctl: 4.34.0-ioctl (2015-10-28) initialised: dm-devel@redhat.com
[    9.946842] ledtrig-cpu: registered to indicate activity on CPUs
[    9.947448] NET: Registered protocol family 10
[    9.947838] NET: Registered protocol family 17
[    9.947861] Key type dns_resolver registered
[    9.948140] microcode: CPU0 sig=0x206a7, pf=0x10, revision=0x0
[    9.958624] microcode: CPU1 sig=0x206a7, pf=0x10, revision=0x0
[    9.958766] microcode: Microcode Update Driver: v2.01 <tigran@aivazian.fsnet.co.uk>, Peter Oruba
[    9.959145] registered taskstats version 1
[    9.959179] Loading compiled-in X.509 certificates
[    9.960820] Loaded X.509 cert 'Build time autogenerated kernel key: 6495e09daeacef0cade9c1ea2246b74b6c79cd53'
[    9.960853] zswap: loaded using pool lzo/zbud
[    9.963207] ACPI: Battery Slot [BAT0] (battery present)
[    9.967561] Key type trusted registered
[    9.972654] Key type encrypted registered
[    9.972664] AppArmor: AppArmor sha1 policy hashing enabled
[    9.972670] ima: No TPM chip found, activating TPM-bypass!
[    9.972708] evm: HMAC attrs: 0x1
[    9.973374]   Magic number: 13:201:519
[    9.992873] rtc_cmos rtc_cmos: setting system clock to 2017-12-14 06:30:16 UTC (1513233016)
[    9.993159] BIOS EDD facility v0.16 2004-Jun-25, 0 devices found
[    9.993161] EDD information not available.
[   12.026499] clocksource: tsc: mask: 0xffffffffffffffff max_cycles: 0x141ff4cd4ff, max_idle_ns: 440795236286 ns
[   12.079332] Freeing unused kernel memory: 1492K
[   12.084168] Write protecting the kernel read-only data: 14336k
[   12.088493] Freeing unused kernel memory: 1744K
[   12.104175] Freeing unused kernel memory: 108K
Loading, please wait...
starting version[   12.148438] random: systemd-udevd: uninitialized urandom read (16 bytes read, 4 bits of entropy available)
 229
[   12.149873] random: udevadm: uninitialized urandom read (16 bytes read, 4 bits of entropy available)
[   12.149921] random: udevadm: uninitialized urandom read (16 bytes read, 4 bits of entropy available)
[   12.169543] random: udevadm: uninitialized urandom read (16 bytes read, 4 bits of entropy available)
[   12.169620] random: udevadm: uninitialized urandom read (16 bytes read, 4 bits of entropy available)
[   12.169883] random: udevadm: uninitialized urandom read (16 bytes read, 4 bits of entropy available)
[   12.169995] random: udevadm: uninitialized urandom read (16 bytes read, 4 bits of entropy available)
[   12.170098] random: udevadm: uninitialized urandom read (16 bytes read, 4 bits of entropy available)
[   12.170200] random: udevadm: uninitialized urandom read (16 bytes read, 4 bits of entropy available)
[   12.170301] random: udevadm: uninitialized urandom read (16 bytes read, 4 bits of entropy available)
[   12.759657] e1000: Intel(R) PRO/1000 Network Driver - version 7.3.21-k8-NAPI
[   12.772283] e1000: Copyright (c) 1999-2006 Intel Corporation.
[   12.794498] Fusion MPT base driver 3.04.20
[   12.813992] Copyright (c) 1999-2008 LSI Corporation
[   12.863457] Fusion MPT SPI Host driver 3.04.20
[   13.043695] input: ImExPS/2 Generic Explorer Mouse as /devices/platform/i8042/serio1/input/input4
[   13.269577] e1000 0000:00:03.0 eth0: (PCI:33MHz:32-bit) 02:15:29:52:b1:84
[   13.304911] e1000 0000:00:03.0 eth0: Intel(R) PRO/1000 Network Connection
[   13.314468] mptbase: ioc0: Initiating bringup
[   13.387237] ioc0: LSI53C1030 A0: Capabilities={Initiator}
[   13.579306] scsi host2: ioc0: LSI53C1030 A0, FwRev=00000000h, Ports=1, MaxQ=256, IRQ=20
[   13.859026] scsi 2:0:0:0: Direct-Access     VBOX     HARDDISK         1.0  PQ: 0 ANSI: 5
[   13.904733] scsi target2:0:0: Beginning Domain Validation
[   13.910826] scsi target2:0:0: Domain Validation skipping write tests
[   14.026120] scsi target2:0:0: Ending Domain Validation
[   14.030422] scsi target2:0:0: asynchronous
[   14.046636] scsi 2:0:1:0: Direct-Access     VBOX     HARDDISK         1.0  PQ: 0 ANSI: 5
[   14.092055] scsi target2:0:1: Beginning Domain Validation
[   14.122336] scsi target2:0:1: Domain Validation skipping write tests
[   14.126654] scsi target2:0:1: Ending Domain Validation
[   14.130682] scsi target2:0:1: asynchronous
[   14.152355] sd 2:0:0:0: Attached scsi generic sg0 type 0
[   14.162067] sd 2:0:0:0: [sda] 20971520 512-byte logical blocks: (10.7 GB/10.0 GiB)
[   14.168234] sd 2:0:0:0: [sda] Write Protect is off
[   14.172647] sd 2:0:0:0: [sda] Incomplete mode parameter data
[   14.176233] sd 2:0:0:0: [sda] Assuming drive cache: write through
[   14.210700] sd 2:0:1:0: [sdb] 20480 512-byte logical blocks: (10.5 MB/10.0 MiB)
[   14.220641] sd 2:0:1:0: Attached scsi generic sg1 type 0
[   14.226570] sd 2:0:1:0: [sdb] Write Protect is off
[   14.231528] sd 2:0:1:0: [sdb] Incomplete mode parameter data
[   14.235639] sd 2:0:1:0: [sdb] Assuming drive cache: write through
[   14.245310]  sda: sda1
[   14.250008] sd 2:0:0:0: [sda] Attached SCSI disk
[   14.338129] sd 2:0:1:0: [sdb] Attached SCSI disk
[   14.489052] e1000 0000:00:08.0 eth1: (PCI:33MHz:32-bit) 08:00:27:4b:6e:4c
[   14.603987] e1000 0000:00:08.0 eth1: Intel(R) PRO/1000 Network Connection
[   14.620119] e1000 0000:00:03.0 enp0s3: renamed from eth0
[   14.634729] e1000 0000:00:08.0 enp0s8: renamed from eth1
[   15.766417] floppy0: no floppy controllers found
Begin: Loading e[   17.571956] md: linear personality registered for level -1
ssential drivers[   17.757836] md: multipath personality registered for level -4
 ... [   17.880128] md: raid0 personality registered for level 0
[   18.052024] md: raid1 personality registered for level 1
[   18.290181] raid6: sse2x1   gen()  3586 MB/s
[   18.386192] raid6: sse2x1   xor()  2543 MB/s
[   18.506187] raid6: sse2x2   gen()  4474 MB/s
[   18.630168] raid6: sse2x2   xor()  3189 MB/s
[   18.722178] raid6: sse2x4   gen()  5266 MB/s
[   18.806183] raid6: sse2x4   xor()  3917 MB/s
[   18.843662] raid6: using algorithm sse2x4 gen() 5266 MB/s
[   18.846386] raid6: .... xor() 3917 MB/s, rmw enabled
[   18.864029] raid6: using ssse3x2 recovery algorithm
[   18.870285] xor: automatically using best checksumming function:
[   19.442144]    avx       : 19068.000 MB/sec
[   19.551655] async_tx: api initialized (async)
[   19.669117] md: raid6 personality registered for level 6
[   19.748278] md: raid5 personality registered for level 5
[   19.872438] md: raid4 personality registered for level 4
[   19.926078] md: raid10 personality registered for level 10
done.
Begin: Running /scripts/init-premount ... done.
Begin: Mounting root file system ... Begin: Running /scripts/local-top ... done.
Begin: Running /scripts/local-premount ... [   20.099309] Btrfs loaded
Scanning for Btrfs filesystems
done.
Warning: fsck no[   20.520830] EXT4-fs (sda1): INFO: recovery required on readonly filesystem
t present, so sk[   20.614503] EXT4-fs (sda1): write access will be enabled during recovery
ipping root file system
[   20.693070] EXT4-fs (sda1): orphan cleanup on readonly fs
[   21.380515] EXT4-fs (sda1): 7 orphan inodes deleted
[   21.784145] EXT4-fs (sda1): recovery complete
[   21.847549] EXT4-fs (sda1): mounted filesystem with ordered data mode. Opts: (null)
done.
Begin: Running /scripts/local-bottom ... done.
Begin: Running /scripts/init-bottom ... done.
[   22.658090] random: nonblocking pool is initialized
[   23.176005] systemd[1]: systemd 229 running in system mode. (+PAM +AUDIT +SELINUX +IMA +APPARMOR +SMACK +SYSVINIT +UTMP +LIBCRYPTSETUP +GCRYPT +GNUTLS +ACL +XZ -LZ4 +SECCOMP +BLKID +ELFUTILS +KMOD -IDN)
[   24.180543] systemd[1]: Detected virtualization oracle.
[   24.183722] systemd[1]: Detected architecture x86-64.

Welcome to [1mUbuntu 16.04.3 LTS[0m!

[   24.344482] systemd[1]: Set hostname to <ubuntu-xenial>.
[   25.640270] systemd[1]: Listening on LVM2 metadata daemon socket.
[[0;32m  OK  [0m] Listening on LVM2 metadata daemon socket.
[   25.794751] systemd[1]: Reached target User and Group Name Lookups.
[[0;32m  OK  [0m] Reached target User and Group Name Lookups.
[   26.307630] systemd[1]: Listening on Device-mapper event daemon FIFOs.
[[0;32m  OK  [0m] Listening on Device-mapper event daemon FIFOs.
[   26.607075] systemd[1]: Set up automount Arbitrary Executable File Formats File System Automount Point.
[[0;32m  OK  [0m] Set up automount Arbitrary Executab...ats File System Automount Point.
[   27.278897] systemd[1]: Listening on /dev/initctl Compatibility Named Pipe.
[[0;32m  OK  [0m] Listening on /dev/initctl Compatibility Named Pipe.
[   27.289155] systemd[1]: Listening on Journal Socket.
[[0;32m  OK  [0m] Listening on Journal Socket.
[   27.295733] systemd[1]: Reached target Swap.
[[0;32m  OK  [0m] Reached target Swap.
[   27.307071] systemd[1]: Listening on Syslog Socket.
[[0;32m  OK  [0m] Listening on Syslog Socket.
[   27.366810] systemd[1]: Started Forward Password Requests to Wall Directory Watch.
[[0;32m  OK  [0m] Started Forward Password Requests to Wall Directory Watch.
[   27.382459] systemd[1]: Reached target Encrypted Volumes.
[[0;32m  OK  [0m] Reached target Encrypted Volumes.
[   27.402203] systemd[1]: Started Trigger resolvconf update for networkd DNS.
[[0;32m  OK  [0m] Started Trigger resolvconf update for networkd DNS.
[   27.426594] systemd[1]: Listening on LVM2 poll daemon socket.
[[0;32m  OK  [0m] Listening on LVM2 poll daemon socket.
[   27.454409] systemd[1]: Created slice System Slice.
[[0;32m  OK  [0m] Created slice System Slice.
[   27.490768] systemd[1]: Starting Nameserver information manager...
         Starting Nameserver information manager...
[   27.524328] systemd[1]: Starting Remount Root and Kernel File Systems...
         Starting Remount Root and Kernel File Systems...
[   27.537251] systemd[1]: Created slice system-serial\x2dgetty.slice.
[[0;32m  OK  [0m] Created slice system-serial\x2dgetty.slice.
[   27.550417] systemd[1]: Starting Create list of required static device nodes for the current kernel...
[   27.660221] EXT4-fs (sda1): re-mounted. Opts: (null)
         Starting Create list of required st... nodes for the current kernel...
[   27.956523] systemd[1]: Starting Uncomplicated firewall...
         Starting Uncomplicated firewall...
[   28.014958] systemd[1]: Starting Load Kernel Modules...
         Startin[   28.061035] Loading iSCSI transport class v2.0-870.
g Load Kernel Modules...
[   28.076303] systemd[1]: Starting Set console keymap...
         Starting Set console keymap...
[   28.099095] systemd[1]: Listening on udev Control Socket.
[[0;32m  OK  [0m] Listening on udev Control Socket.
[   28.108787] systemd[1]: Listening on Journal Audit Socket.
[[0;32m  OK  [0m] Listening on Journal Audit Socket.
[   28.134901] systemd[1]: Mounting POSIX Message Queue File System...
[   28.154133] iscsi: registered transport (tcp)
         Mounting POSIX Message Queue File System...
[   28.254435] systemd[1]: Created slice User and Session Slice.
[[0;32m  OK  [0m] Created slice User and Session Slice.
[   28.311114] systemd[1]: Reached target Slices.
[[0;32m  OK  [0m] Reached target Slices.
[   28.337968] systemd[1]: Listening on Journal Socket (/dev/log).
[[0;32m  OK  [0m] Listening on Journal Socket [   28.377140] iscsi: registered transport (iser)
(/dev/log).
[   28.439025] systemd[1]: Starting Journal Service...
         Starting Journal Service...
[   28.702984] systemd[1]: Starting Monitoring of LVM2 mirrors, snapshots etc. using dmeventd or progress polling...
         Starting Monitoring of LVM2 mirrors... dmeventd or progress polling...
[   28.882563] systemd[1]: Mounting Debug File System...
         Mounting Debug File System...
[   29.096610] systemd[1]: Mounting Huge Pages File System...
         Mounting Huge Pages File System...
[   29.177012] systemd[1]: Listening on udev Kernel Socket.
[[0;32m  OK  [0m] Listening on udev Kernel Socket.
[   29.200921] systemd[1]: Mounted Huge Pages File System.
[[0;32m  OK  [0m] Mounted Huge Pages File System.
[   29.625222] systemd[1]: Mounted POSIX Message Queue File System.
[[0;32m  OK  [0m] Mounted POSIX Message Queue File System.
[   29.964526] systemd[1]: Mounted Debug File System.
[[0;32m  OK  [0m] Mounted Debug File System.
[   30.095133] systemd[1]: Started Journal Service.
[[0;32m  OK  [0m] Started Journal Service.
[[0;32m  OK  [0m] Started Remount Root and Kernel File Systems.
[[0;32m  OK  [0m] Started Create list of required sta...ce nodes for the current kernel.
[[0;32m  OK  [0m] Started Uncomplicated firewall.
[[0;32m  OK  [0m] Started Load Kernel Modules.
[[0;32m  OK  [0m] Started Set console keymap.
[[0;32m  OK  [0m] Started Nameserver information manager.
[[0;32m  OK  [0m] Started LVM2 metadata daemon.
         Mounting FUSE Control File System...
         Starting Apply Kernel Variables...
         Starting Create Static Device Nodes in /dev...
         Starting Load/Save Random Seed...
         Starting Initial cloud-init job (pre-networking)...
         Starting udev Coldplug all Devices...
         Starting Flush Journal to Persistent Storage...
[[0;32m  OK  [0m] Mounted FUSE Control File System.
[[0;32m  OK  [0m] Started Apply Kernel Variables.
[[0;32m  OK  [0m] Started Load/Save Random Seed.
[[0;32m  OK  [0m] Started Monitoring of LVM2 mirrors,...ng dmeventd or progress polling.
[[0;32m  OK  [0m] Started Flush Journal to Persistent Storage.
[[0;32m  OK  [0m] Started Create Static Device Nodes in /dev.
[[0;32m  OK  [0m] Started udev Coldplug all Devices.
         Starting udev Kernel Device Manager...
[[0;32m  OK  [0m] Started udev Kernel Device Manager.
[[0;32m  OK  [0m] Reached target Local File Systems (Pre).
[[0;32m  OK  [0m] Reached target Local File Systems.
         Starting Create Volatile Files and Directories...
         Starting Set console font and keymap...
         Starting Tell Plymouth To Write Out Runtime Data...
         Starting LSB: AppArmor initialization...
[[0;32m  OK  [0m] Started Dispatch Password Requests to Console Directory Watch.
[[0;32m  OK  [0m] Started Create Volatile Files and Directories.
[[0;32m  OK  [0m] Started Tell Plymouth To Write Out Runtime Data.
         Starting Update UTMP about System Boot/Shutdown...
[[0;32m  OK  [0m] Reached target System Time Synchronized.
[[0;32m  OK  [0m] Found device /dev/ttyS0.
[[0;32m  OK  [0m] Started Update UTMP about System Boot/Shutdown.
[[0;32m  OK  [0m] Found device 82540EM Gigabit Ethern...r (PRO/1000 MT Desktop Adapter).
[[0;32m  OK  [0m] Found device 82540EM Gigabit Ethern...r (PRO/1000 MT Desktop Adapter).
[[0;32m  OK  [0m] Started LSB: AppArmor initialization.
[[0;32m  OK  [0m] Listening on Load/Save RF Kill Switch Status /dev/rfkill Watch.
[[0;32m  OK  [0m] Started Set console font and keymap.
[[0;32m  OK  [0m] Created slice system-getty.slice.
[   35.093850] cloud-init[445]: Cloud-init v. 17.1 running 'init-local' at Thu, 14 Dec 2017 06:30:42 +0000. Up 34.18 seconds.
[[0;32m  OK  [0m] Started Initial cloud-init job (pre-networking).
[[0;32m  OK  [0m] Reached target Network (Pre).
         Starting Raise network interfaces...
[[0;32m  OK  [0m] Started ifup for enp0s3.
[[0;32m  OK  [0m] Started ifup for enp0s8.
[[0;32m  OK  [0m] Started Raise network interfaces.
         Starting Initial cloud-init job (metadata service crawler)...
[[0;32m  OK  [0m] Reached target Network.
[   37.670384] cloud-init[1061]: Cloud-init v. 17.1 running 'init' at Thu, 14 Dec 2017 06:30:44 +0000. Up 36.32 seconds.
[   37.692633] cloud-init[1061]: ci-info: ++++++++++++++++++++++++++++++++++++++Net device info++++++++++++++++++++++++++++++++++++++
[   37.769094] cloud-init[1061]: ci-info: +--------+------+-----------------------------+---------------+-------+-------------------+
[   37.769803] cloud-init[1061]: ci-info: | Device |  Up  |           Address           |      Mask     | Scope |     Hw-Address    |
[[0;32m  OK  [0m] Started Initial cloud-init job (metadata service crawler).
[   37.770194] cloud-init[1061]: ci-info: +--------+------+-----------------------------+---------------+-------+-------------------+
[   37.921137] cloud-init[1061]: ci-info: | enp0s3 | True |          10.0.2.15          | 255.255.255.0 |   .   | 02:15:29:52:b1:84 |
[   37.921851] cloud-init[1061]: ci-info: | enp0s3 | True |  fe80::15:29ff:fe52:b184/64 |       .       |  link | 02:15:29:52:b1:84 |
[[0;32m  OK  [0m] Reached target System Initialization.
[   37.922266] cloud-init[1061]: ci-info: | enp0s8 | True |        192.168.33.51        | 255.255.255.0 |   .   | 08:00:27:4b:6e:4c |
[   37.939231] cloud-init[1061]: ci-info: | enp0s8 | True | fe80::a00:27ff:fe4b:6e4c/64 |       .       |  link | 08:00:27:4b:6e:4c |
[[0;32m  OK  [0m] Started Daily Cleanup of Temporary Directories.
         Starting LXD - unix socket.
[   37.939718] cloud-init[1061]: ci-info: |   lo   | True |          127.0.0.1          |   255.0.0.0   |   .   |         .         |
[   37.960509] cloud-init[1061]: ci-info: |   lo   | True |           ::1/128           |       .       |  host |         .         |
[   37.980860] cloud-init[1061]: ci-info: +--------+------+-----------------------------+---------------+-------+-------------------+
[   38.021077] cloud-init[1061]: ci-info: ++++++++++++++++++++++++++++Route IPv4 info++++++++++++++++++++++++++++
[   38.152961] cloud-init[1061]: ci-info: +-------+--------------+----------+---------------+-----------+-------+
[[0;32m  OK  [0m] Started Timer to automatically refresh installed snaps.
[   38.319578] cloud-init[1061]: ci-info: | Route | Destination  | Gateway  |    Genmask    | Interface | Flags |
[[   38.512799] cloud-init[1061]: ci-info: +-------+--------------+----------+---------------+-----------+-------+
[   38.513687] cloud-init[1061]: ci-info: |   0   |   0.0.0.0    | 10.0.2.2 |    0.0.0.0    |   enp0s3  |   UG  |
[   38.513864] cloud-init[1061]: ci-info: |   1   |   10.0.2.0   | 0.0.0.0  | 255.255.255.0 |   enp0s3  |   U   |
[   38.514028] cloud-init[1061]: ci-info: |   2   | 192.168.33.0 | 0.0.0.0  | 255.255.255.0 |   enp0s8  |   U   |
[   38.514193] cloud-init[1061]: ci-info: +-------+--------------+----------+---------------+-----------+-------+
[0;32m  OK  [0m] Started ACPI Events Check.
[[0;32m  OK  [0m] Reached target Paths.
         Starting Socket activation for snappy daemon.
[[0;32m  OK  [0m] Listening on UUID daemon activation socket.
[[0;32m  OK  [0m] Listening on D-Bus System Message Bus Socket.
[[0;32m  OK  [0m] Listening on ACPID Listen Socket.
[[0;32m  OK  [0m] Reached target Cloud-config availability.
[[0;32m  OK  [0m] Reached target Network is Online.
[[0;32m  OK  [0m] Started Daily apt download activities.
[[0;32m  OK  [0m] Started Daily apt upgrade and clean activities.
[[0;32m  OK  [0m] Reached target Timers.
         Starting iSCSI initiator daemon (iscsid)...
[[0;32m  OK  [0m] Listening on LXD - unix socket.
[[0;32m  OK  [0m] Listening on Socket activation for snappy daemon.
[[0;32m  OK  [0m] Reached target Sockets.
[[0;32m  OK  [0m] Reached target Basic System.
[[0;32m  OK  [0m] Started Unattended Upgrades Shutdown.
         Starting Apply the settings specified in cloud-config...
         Starting /etc/rc.local Compatibility...
         Starting Login Service...
         Starting MySQL Community Server...
[[0;32m  OK  [0m] Started Regular background program processing daemon.
         Starting LSB: MD monitoring daemon...
[[0;32m  OK  [0m] Started FUSE filesystem for LXC.
         Starting System Logging Service...
         Starting LSB: Record successful boot for GRUB...
         Starting Accounts Service...
         Starting Snappy daemon...
[[0;32m  OK  [0m] Started ACPI event daemon.
         Starting OpenBSD Secure Shell server...
[[0;32m  OK  [0m] Started Deferred execution scheduler.
[[0;32m  OK  [0m] Started D-Bus System Message Bus.
[   41.068322] cloud-init[1119]: Cloud-init v. 17.1 running 'modules:config' at Thu, 14 Dec 2017 06:30:48 +0000. Up 40.53 seconds.
         Starting The PHP 7.0 FastCGI Process Manager...
         Starting LXD - container startup/shutdown...
[[0;32m  OK  [0m] Started System Logging Service.
[[0;32m  OK  [0m] Started OpenBSD Secure Shell server.
[[0;32m  OK  [0m] Started iSCSI initiator daemon (iscsid).
[[0;32m  OK  [0m] Started Apply the settings specified in cloud-config.
[[0;32m  OK  [0m] Started /etc/rc.local Compatibility.
[[0;32m  OK  [0m] Started Login Service.
         Starting Authenticate and Authorize Users to Run Privileged Tasks...
         Starting Login to default iSCSI targets...
[[0;32m  OK  [0m] Started LSB: MD monitoring daemon.
[[0;32m  OK  [0m] Started LSB: Record successful boot for GRUB.
[[0;32m  OK  [0m] Started Authenticate and Authorize Users to Run Privileged Tasks.
[[0;32m  OK  [0m] Started Accounts Service.
[[0;32m  OK  [0m] Started Login to default iSCSI targets.
[[0;32m  OK  [0m] Reached target Remote File Systems (Pre).
[[0;32m  OK  [0m] Reached target Remote File Systems.
         Starting Permit User Sessions...
         Starting LSB: automatic crash report generation...
         Starting LSB: VirtualBox Linux Additions...
         Starting LSB: Apache2 web server...
         Starting LSB: daemon to balance interrupts for SMP systems...
         Starting LSB: Set the CPU Frequency Scaling governor to "ondemand"...
[[0;32m  OK  [0m] Started Permit User Sessions.
         Starting Terminate Plymouth Boot Screen...
         Starting Hold until boot process finishes up...
[[0;32m  OK  [0m] Started LSB: Set the CPU Frequency Scaling governor to "ondemand".
[[0;32m  OK  [0m] Started Terminate Plymouth Boot Screen.
[[0;32m  OK  [0m] Started Hold until boot process finishes up.
[[0;32m  OK  [0m] Started Getty on tty1.
         Starting Set console scheme...
[[0;32m  OK  [0m] Started Serial Getty on ttyS0.
[[0;32m  OK  [0m] Reached target Login Prompts.
[[0;32m  OK  [0m] Started LSB: automatic crash report generation.
[[0;32m  OK  [0m] Started LSB: daemon to balance interrupts for SMP systems.
[[0;32m  OK  [0m] Started Set console scheme.
[[0;32m  OK  [0m] Created slice User Slice of ubuntu.
         Starting User Manager for UID 1000...
[[0;32m  OK  [0m] Started Session 1 of user ubuntu.
[[0;32m  OK  [0m] Started LSB: VirtualBox Linux Additions.
[[0;32m  OK  [0m] Started User Manager for UID 1000.
[[0;32m  OK  [0m] Started Snappy daemon.
[[0;32m  OK  [0m] Started LXD - container startup/shutdown.

Ubuntu 16.04.3 LTS ubuntu-xenial ttyS0

ubuntu-xenial login: [   53.758794] cloud-init[1682]: Cloud-init v. 17.1 running 'modules:final' at Thu, 14 Dec 2017 06:31:01 +0000. Up 53.38 seconds.
[   53.760854] cloud-init[1682]: Cloud-init v. 17.1 finished at Thu, 14 Dec 2017 06:31:01 +0000. Datasource DataSourceNoCloud [seed=/dev/sdb][dsmode=net].  Up 53.73 seconds
